<?xml version="1.0" encoding="UTF-8"?>
<!-- Generated by org.testng.reporters.JUnitReportReporter -->
<testsuite skipped="0" hostname="Elhams-MacBook-Pro.local" name="tests.AutomationProjectOfTestNGTest" tests="3" failures="0" timestamp="2023-02-17T21:55:00 CST" time="31.588" errors="0">
  <testcase name="userShouldBeAbleToAddUniqueCategoryName" time="18.171" classname="tests.AutomationProjectOfTestNGTest"/>
  <system-out/>
  <testcase name="userShouldBeUnableToAddDupicateCategoryName" time="10.960" classname="tests.AutomationProjectOfTestNGTest"/>
  <system-out/>
  <testcase name="validateMonthsDropDown" time="2.457" classname="tests.AutomationProjectOfTestNGTest"/>
  <system-out/>
</testsuite> <!-- tests.AutomationProjectOfTestNGTest -->
