<?xml version="1.0" encoding="UTF-8"?>
<!-- Generated by org.testng.reporters.JUnitReportReporter -->
<testsuite skipped="0" hostname="Elhams-MacBook-Pro.local" name="tests.AutomationPracticalTestsTestNG" tests="3" failures="0" timestamp="2023-02-17T21:05:34 CST" time="28.803" errors="0">
  <testcase name="userShouldBeAbleToAddUniqueCategoryName" time="17.659" classname="tests.AutomationPracticalTestsTestNG"/>
  <system-out/>
  <testcase name="userShouldBeUnableToAddDupicateCategoryName" time="8.744" classname="tests.AutomationPracticalTestsTestNG"/>
  <system-out/>
  <testcase name="validateMonthsDropDown" time="2.400" classname="tests.AutomationPracticalTestsTestNG"/>
  <system-out/>
</testsuite> <!-- tests.AutomationPracticalTestsTestNG -->
